2014-09-21 22:35:45,791 [myid:] - INFO  [main:QuorumPeerConfig@103] - Reading configuration from: /usr/lib/zookeeper-3.4.6/bin/../conf/zoo.cfg
2014-09-21 22:35:45,796 [myid:] - INFO  [main:DatadirCleanupManager@78] - autopurge.snapRetainCount set to 3
2014-09-21 22:35:45,797 [myid:] - INFO  [main:DatadirCleanupManager@79] - autopurge.purgeInterval set to 0
2014-09-21 22:35:45,797 [myid:] - INFO  [main:DatadirCleanupManager@101] - Purge task is not scheduled.
2014-09-21 22:35:45,797 [myid:] - WARN  [main:QuorumPeerMain@113] - Either no config or no quorum defined in config, running  in standalone mode
2014-09-21 22:35:45,812 [myid:] - INFO  [main:QuorumPeerConfig@103] - Reading configuration from: /usr/lib/zookeeper-3.4.6/bin/../conf/zoo.cfg
2014-09-21 22:35:45,812 [myid:] - INFO  [main:ZooKeeperServerMain@95] - Starting server
2014-09-21 22:35:45,820 [myid:] - INFO  [main:Environment@100] - Server environment:zookeeper.version=3.4.6-1569965, built on 02/20/2014 09:09 GMT
2014-09-21 22:35:45,820 [myid:] - INFO  [main:Environment@100] - Server environment:host.name=localhost.localdomain
2014-09-21 22:35:45,820 [myid:] - INFO  [main:Environment@100] - Server environment:java.version=1.7.0_67
2014-09-21 22:35:45,821 [myid:] - INFO  [main:Environment@100] - Server environment:java.vendor=Oracle Corporation
2014-09-21 22:35:45,821 [myid:] - INFO  [main:Environment@100] - Server environment:java.home=/usr/lib/java/jdk1.7.0_67/jre
2014-09-21 22:35:45,821 [myid:] - INFO  [main:Environment@100] - Server environment:java.class.path=/usr/lib/zookeeper-3.4.6/bin/../build/classes:/usr/lib/zookeeper-3.4.6/bin/../build/lib/*.jar:/usr/lib/zookeeper-3.4.6/bin/../lib/slf4j-log4j12-1.6.1.jar:/usr/lib/zookeeper-3.4.6/bin/../lib/slf4j-api-1.6.1.jar:/usr/lib/zookeeper-3.4.6/bin/../lib/netty-3.7.0.Final.jar:/usr/lib/zookeeper-3.4.6/bin/../lib/log4j-1.2.16.jar:/usr/lib/zookeeper-3.4.6/bin/../lib/jline-0.9.94.jar:/usr/lib/zookeeper-3.4.6/bin/../zookeeper-3.4.6.jar:/usr/lib/zookeeper-3.4.6/bin/../src/java/lib/*.jar:/usr/lib/zookeeper-3.4.6/bin/../conf:.
2014-09-21 22:35:45,821 [myid:] - INFO  [main:Environment@100] - Server environment:java.library.path=/usr/java/packages/lib/amd64:/usr/lib64:/lib64:/lib:/usr/lib
2014-09-21 22:35:45,821 [myid:] - INFO  [main:Environment@100] - Server environment:java.io.tmpdir=/tmp
2014-09-21 22:35:45,821 [myid:] - INFO  [main:Environment@100] - Server environment:java.compiler=<NA>
2014-09-21 22:35:45,824 [myid:] - INFO  [main:Environment@100] - Server environment:os.name=Linux
2014-09-21 22:35:45,824 [myid:] - INFO  [main:Environment@100] - Server environment:os.arch=amd64
2014-09-21 22:35:45,824 [myid:] - INFO  [main:Environment@100] - Server environment:os.version=2.6.32-431.el6.x86_64
2014-09-21 22:35:45,824 [myid:] - INFO  [main:Environment@100] - Server environment:user.name=user
2014-09-21 22:35:45,824 [myid:] - INFO  [main:Environment@100] - Server environment:user.home=/home/user
2014-09-21 22:35:45,824 [myid:] - INFO  [main:Environment@100] - Server environment:user.dir=/home/user/workspace/StormSampleProject/rts.storm
2014-09-21 22:35:45,832 [myid:] - INFO  [main:ZooKeeperServer@755] - tickTime set to 2000
2014-09-21 22:35:45,832 [myid:] - INFO  [main:ZooKeeperServer@764] - minSessionTimeout set to -1
2014-09-21 22:35:45,832 [myid:] - INFO  [main:ZooKeeperServer@773] - maxSessionTimeout set to -1
2014-09-21 22:35:45,842 [myid:] - INFO  [main:NIOServerCnxnFactory@94] - binding to port 0.0.0.0/0.0.0.0:2181
2014-09-21 22:35:45,843 [myid:] - ERROR [main:ZooKeeperServerMain@63] - Unexpected exception, exiting abnormally
java.net.BindException: Address already in use
	at sun.nio.ch.Net.bind0(Native Method)
	at sun.nio.ch.Net.bind(Net.java:444)
	at sun.nio.ch.Net.bind(Net.java:436)
	at sun.nio.ch.ServerSocketChannelImpl.bind(ServerSocketChannelImpl.java:214)
	at sun.nio.ch.ServerSocketAdaptor.bind(ServerSocketAdaptor.java:74)
	at sun.nio.ch.ServerSocketAdaptor.bind(ServerSocketAdaptor.java:67)
	at org.apache.zookeeper.server.NIOServerCnxnFactory.configure(NIOServerCnxnFactory.java:95)
	at org.apache.zookeeper.server.ZooKeeperServerMain.runFromConfig(ZooKeeperServerMain.java:111)
	at org.apache.zookeeper.server.ZooKeeperServerMain.initializeAndRun(ZooKeeperServerMain.java:86)
	at org.apache.zookeeper.server.ZooKeeperServerMain.main(ZooKeeperServerMain.java:52)
	at org.apache.zookeeper.server.quorum.QuorumPeerMain.initializeAndRun(QuorumPeerMain.java:116)
	at org.apache.zookeeper.server.quorum.QuorumPeerMain.main(QuorumPeerMain.java:78)
